{"timestamp":"2025-09-17T01:23:18.688162","level":"info","event":"Filling up the DagBag from /opt/airflow/dags/dbt_dag.py","logger":"airflow.models.dagbag.DagBag"}
{"timestamp":"2025-09-17T01:24:47.653870","level":"info","event":"Filling up the DagBag from /opt/airflow/dags/dbt_dag.py","logger":"airflow.models.dagbag.DagBag"}
{"timestamp":"2025-09-17T01:25:29.140962","level":"error","event":"Process timed out, PID: 80","logger":"airflow.utils.timeout.TimeoutPosix"}
{"timestamp":"2025-09-17T01:25:29.526662Z","level":"error","event":"Exception ignored in: <function _collection_gced at 0x7141a4e00fe0>","chan":"stderr","logger":"processor"}
{"timestamp":"2025-09-17T01:25:29.537191Z","level":"error","event":"Traceback (most recent call last):","chan":"stderr","logger":"processor"}
{"timestamp":"2025-09-17T01:25:29.538805Z","level":"error","event":"  File \"/home/airflow/.local/lib/python3.12/site-packages/sqlalchemy/event/registry.py\", line 53, in _collection_gced","chan":"stderr","logger":"processor"}
{"timestamp":"2025-09-17T01:25:29.541191Z","level":"error","event":"    def _collection_gced(ref):","chan":"stderr","logger":"processor"}
{"timestamp":"2025-09-17T01:25:29.541981Z","level":"error","event":"","chan":"stderr","logger":"processor"}
{"timestamp":"2025-09-17T01:25:29.543538Z","level":"error","event":"  File \"/home/airflow/.local/lib/python3.12/site-packages/airflow/utils/timeout.py\", line 69, in handle_timeout","chan":"stderr","logger":"processor"}
{"timestamp":"2025-09-17T01:25:29.544543Z","level":"error","event":"    raise AirflowTaskTimeout(self.error_message)","chan":"stderr","logger":"processor"}
{"timestamp":"2025-09-17T01:25:29.546159Z","level":"error","event":"airflow.exceptions.AirflowTaskTimeout: DagBag import timeout for /opt/airflow/dags/dbt_dag.py after 30.0s.","chan":"stderr","logger":"processor"}
{"timestamp":"2025-09-17T01:25:29.547828Z","level":"error","event":"Please take a look at these docs to improve your DAG import time:","chan":"stderr","logger":"processor"}
{"timestamp":"2025-09-17T01:25:29.549345Z","level":"error","event":"* https://airflow.apache.org/docs/apache-airflow/3.0.6/best-practices.html#top-level-python-code","chan":"stderr","logger":"processor"}
{"timestamp":"2025-09-17T01:25:29.552170Z","level":"error","event":"* https://airflow.apache.org/docs/apache-airflow/3.0.6/best-practices.html#reducing-dag-complexity, PID: 80","chan":"stderr","logger":"processor"}
{"timestamp":"2025-09-17T01:26:07.808588","level":"info","event":"Filling up the DagBag from /opt/airflow/dags/dbt_dag.py","logger":"airflow.models.dagbag.DagBag"}
{"timestamp":"2025-09-17T01:27:27.679751","level":"info","event":"Filling up the DagBag from /opt/airflow/dags/dbt_dag.py","logger":"airflow.models.dagbag.DagBag"}
{"timestamp":"2025-09-17T01:28:04.260638","level":"error","event":"Process timed out, PID: 117","logger":"airflow.utils.timeout.TimeoutPosix"}
{"timestamp":"2025-09-17T01:28:08.338952Z","level":"error","event":"Exception ignored in: <function _collection_gced at 0x7141a4e00fe0>","chan":"stderr","logger":"processor"}
{"timestamp":"2025-09-17T01:28:08.340440Z","level":"error","event":"Traceback (most recent call last):","chan":"stderr","logger":"processor"}
{"timestamp":"2025-09-17T01:28:08.341580Z","level":"error","event":"  File \"/home/airflow/.local/lib/python3.12/site-packages/sqlalchemy/event/registry.py\", line 53, in _collection_gced","chan":"stderr","logger":"processor"}
{"timestamp":"2025-09-17T01:28:08.342669Z","level":"error","event":"    def _collection_gced(ref):","chan":"stderr","logger":"processor"}
{"timestamp":"2025-09-17T01:28:08.344002Z","level":"error","event":"","chan":"stderr","logger":"processor"}
{"timestamp":"2025-09-17T01:28:08.345062Z","level":"error","event":"  File \"/home/airflow/.local/lib/python3.12/site-packages/airflow/utils/timeout.py\", line 69, in handle_timeout","chan":"stderr","logger":"processor"}
{"timestamp":"2025-09-17T01:28:08.345773Z","level":"error","event":"    raise AirflowTaskTimeout(self.error_message)","chan":"stderr","logger":"processor"}
{"timestamp":"2025-09-17T01:28:08.346481Z","level":"error","event":"airflow.exceptions.AirflowTaskTimeout: DagBag import timeout for /opt/airflow/dags/dbt_dag.py after 30.0s.","chan":"stderr","logger":"processor"}
{"timestamp":"2025-09-17T01:28:08.350969Z","level":"error","event":"Please take a look at these docs to improve your DAG import time:","chan":"stderr","logger":"processor"}
{"timestamp":"2025-09-17T01:28:08.352952Z","level":"error","event":"* https://airflow.apache.org/docs/apache-airflow/3.0.6/best-practices.html#top-level-python-code","chan":"stderr","logger":"processor"}
{"timestamp":"2025-09-17T01:28:08.354269Z","level":"error","event":"* https://airflow.apache.org/docs/apache-airflow/3.0.6/best-practices.html#reducing-dag-complexity, PID: 117","chan":"stderr","logger":"processor"}
{"timestamp":"2025-09-17T01:28:46.349755","level":"info","event":"Filling up the DagBag from /opt/airflow/dags/dbt_dag.py","logger":"airflow.models.dagbag.DagBag"}
{"timestamp":"2025-09-17T01:29:31.674328","level":"info","event":"Filling up the DagBag from /opt/airflow/dags/dbt_dag.py","logger":"airflow.models.dagbag.DagBag"}
{"timestamp":"2025-09-17T01:30:45.922175","level":"info","event":"Filling up the DagBag from /opt/airflow/dags/dbt_dag.py","logger":"airflow.models.dagbag.DagBag"}
{"timestamp":"2025-09-17T01:30:46.520256","level":"error","event":"Failed to import: /opt/airflow/dags/dbt_dag.py","logger":"airflow.models.dagbag.DagBag","error_detail":[{"exc_type":"OSError","exc_value":"[Errno 12] Cannot allocate memory: '/opt/airflow/dags'","exc_notes":[],"syntax_error":null,"is_cause":false,"frames":[{"filename":"/home/airflow/.local/lib/python3.12/site-packages/airflow/models/dagbag.py","lineno":394,"name":"parse"},{"filename":"<frozen importlib._bootstrap_external>","lineno":999,"name":"exec_module"},{"filename":"<frozen importlib._bootstrap>","lineno":488,"name":"_call_with_frames_removed"},{"filename":"/opt/airflow/dags/dbt_dag.py","lineno":3,"name":"<module>"},{"filename":"<frozen importlib._bootstrap>","lineno":1360,"name":"_find_and_load"},{"filename":"<frozen importlib._bootstrap>","lineno":1322,"name":"_find_and_load_unlocked"},{"filename":"<frozen importlib._bootstrap>","lineno":1262,"name":"_find_spec"},{"filename":"<frozen importlib._bootstrap_external>","lineno":1532,"name":"find_spec"},{"filename":"<frozen importlib._bootstrap_external>","lineno":1506,"name":"_get_spec"},{"filename":"<frozen importlib._bootstrap_external>","lineno":1609,"name":"find_spec"},{"filename":"<frozen importlib._bootstrap_external>","lineno":1652,"name":"_fill_cache"}],"is_group":false,"exceptions":[]}]}
